[debug] [2024-06-27T01:23:49.031Z] ----------------------------------------------------------------------
[debug] [2024-06-27T01:23:49.034Z] Command:       C:\Program Files\nodejs\node.exe C:\Users\User\AppData\Roaming\npm\node_modules\firebase-tools\lib\bin\firebase.js init
[debug] [2024-06-27T01:23:49.035Z] CLI Version:   13.11.0
[debug] [2024-06-27T01:23:49.035Z] Platform:      win32
[debug] [2024-06-27T01:23:49.035Z] Node Version:  v20.9.0
[debug] [2024-06-27T01:23:49.036Z] Time:          Thu Jun 27 2024 03:23:49 GMT+0200 (South Africa Standard Time)
[debug] [2024-06-27T01:23:49.036Z] ----------------------------------------------------------------------
[debug] 
[debug] [2024-06-27T01:23:49.157Z] > command requires scopes: ["email","openid","https://www.googleapis.com/auth/cloudplatformprojects.readonly","https://www.googleapis.com/auth/firebase","https://www.googleapis.com/auth/cloud-platform"]
[debug] [2024-06-27T01:23:49.158Z] > authorizing via signed-in user (mokoenaneo604@gmail.com)
[info] 
     ######## #### ########  ######## ########     ###     ######  ########
     ##        ##  ##     ## ##       ##     ##  ##   ##  ##       ##
     ######    ##  ########  ######   ########  #########  ######  ######
     ##        ##  ##    ##  ##       ##     ## ##     ##       ## ##
     ##       #### ##     ## ######## ########  ##     ##  ######  ########

You're about to initialize a Firebase project in this directory:

  C:\Users\User\amazon-clone

Before we get started, keep in mind:

  * You are initializing within an existing Firebase project directory

