[debug] [2024-06-26T21:47:32.144Z] ----------------------------------------------------------------------
[debug] [2024-06-26T21:47:32.146Z] Command:       C:\Program Files\nodejs\node.exe C:\Users\User\AppData\Roaming\npm\node_modules\firebase-tools\lib\bin\firebase.js emulators:start
[debug] [2024-06-26T21:47:32.147Z] CLI Version:   13.11.0
[debug] [2024-06-26T21:47:32.147Z] Platform:      win32
[debug] [2024-06-26T21:47:32.147Z] Node Version:  v20.9.0
[debug] [2024-06-26T21:47:32.147Z] Time:          Wed Jun 26 2024 23:47:32 GMT+0200 (South Africa Standard Time)
[debug] [2024-06-26T21:47:32.147Z] ----------------------------------------------------------------------
[debug] 
[debug] [2024-06-26T21:47:32.323Z] > command requires scopes: ["email","openid","https://www.googleapis.com/auth/cloudplatformprojects.readonly","https://www.googleapis.com/auth/firebase","https://www.googleapis.com/auth/cloud-platform"]
[debug] [2024-06-26T21:47:32.323Z] > authorizing via signed-in user (mokoenaneo604@gmail.com)
[info] i  emulators: Starting emulators: functions {"metadata":{"emulator":{"name":"hub"},"message":"Starting emulators: functions"}}
[debug] [2024-06-26T21:47:32.342Z] [logging] Logging Emulator only supports listening on one address (127.0.0.1). Not listening on ::1
[warn] !  ui: Emulator UI unable to start on port 4000, starting on 4006 instead. {"metadata":{"emulator":{"name":"ui"},"message":"Emulator UI unable to start on port 4000, starting on 4006 instead."}}
[debug] [2024-06-26T21:47:32.355Z] assigned listening specs for emulators {"user":{"hub":[{"address":"127.0.0.1","family":"IPv4","port":4400},{"address":"::1","family":"IPv6","port":4400}],"logging":[{"address":"127.0.0.1","family":"IPv4","port":4500}],"ui":[{"address":"127.0.0.1","family":"IPv4","port":4006},{"address":"::1","family":"IPv6","port":4006}]},"metadata":{"message":"assigned listening specs for emulators"}}
[debug] [2024-06-26T21:47:32.363Z] [hub] writing locator at C:\Users\User\AppData\Local\Temp\hub-zaio--clone-9e7bd.json
[debug] [2024-06-26T21:47:32.405Z] [functions] Functions Emulator only supports listening on one address (127.0.0.1). Not listening on ::1
[debug] [2024-06-26T21:47:32.406Z] [eventarc] Eventarc Emulator only supports listening on one address (127.0.0.1). Not listening on ::1
[debug] [2024-06-26T21:47:32.406Z] late-assigned ports for functions and eventarc emulators {"user":{"hub":[{"address":"127.0.0.1","family":"IPv4","port":4400},{"address":"::1","family":"IPv6","port":4400}],"logging":[{"address":"127.0.0.1","family":"IPv4","port":4500}],"ui":[{"address":"127.0.0.1","family":"IPv4","port":4006},{"address":"::1","family":"IPv6","port":4006}],"functions":[{"address":"127.0.0.1","family":"IPv4","port":5001}],"eventarc":[{"address":"127.0.0.1","family":"IPv4","port":9299}]},"metadata":{"message":"late-assigned ports for functions and eventarc emulators"}}
[warn] !  functions: The following emulators are not running, calls to these services from the Functions emulator will affect production: auth, firestore, database, hosting, pubsub, storage, dataconnect {"metadata":{"emulator":{"name":"functions"},"message":"The following emulators are not running, calls to these services from the Functions emulator will affect production: \u001b[1mauth, firestore, database, hosting, pubsub, storage, dataconnect\u001b[22m"}}
[debug] [2024-06-26T21:47:32.412Z] defaultcredentials: writing to file C:\Users\User\AppData\Roaming\firebase\mokoenaneo604_gmail_com_application_default_credentials.json
[debug] [2024-06-26T21:47:32.420Z] Setting GAC to C:\Users\User\AppData\Roaming\firebase\mokoenaneo604_gmail_com_application_default_credentials.json {"metadata":{"emulator":{"name":"functions"},"message":"Setting GAC to C:\\Users\\User\\AppData\\Roaming\\firebase\\mokoenaneo604_gmail_com_application_default_credentials.json"}}
[debug] [2024-06-26T21:47:32.423Z] >>> [apiv2][query] GET https://firebase.googleapis.com/v1beta1/projects/zaio--clone-9e7bd/adminSdkConfig [none]
[debug] [2024-06-26T21:47:33.065Z] <<< [apiv2][status] GET https://firebase.googleapis.com/v1beta1/projects/zaio--clone-9e7bd/adminSdkConfig 200
[debug] [2024-06-26T21:47:33.065Z] <<< [apiv2][body] GET https://firebase.googleapis.com/v1beta1/projects/zaio--clone-9e7bd/adminSdkConfig {"projectId":"zaio--clone-9e7bd","storageBucket":"zaio--clone-9e7bd.appspot.com"}
[debug] [2024-06-26T21:47:33.103Z] Ignoring unsupported arg: auto_download {"metadata":{"emulator":{"name":"ui"},"message":"Ignoring unsupported arg: auto_download"}}
[debug] [2024-06-26T21:47:33.103Z] Ignoring unsupported arg: port {"metadata":{"emulator":{"name":"ui"},"message":"Ignoring unsupported arg: port"}}
[debug] [2024-06-26T21:47:33.104Z] Starting Emulator UI with command {"binary":"node","args":["C:\\Users\\User\\.cache\\firebase\\emulators\\ui-v1.12.1\\server\\server.mjs"],"optionalArgs":[],"joinArgs":false,"shell":false} {"metadata":{"emulator":{"name":"ui"},"message":"Starting Emulator UI with command {\"binary\":\"node\",\"args\":[\"C:\\\\Users\\\\User\\\\.cache\\\\firebase\\\\emulators\\\\ui-v1.12.1\\\\server\\\\server.mjs\"],\"optionalArgs\":[],\"joinArgs\":false,\"shell\":false}"}}
[info] i  ui: Emulator UI logging to ui-debug.log {"metadata":{"emulator":{"name":"ui"},"message":"Emulator UI logging to \u001b[1mui-debug.log\u001b[22m"}}
[debug] [2024-06-26T21:47:33.363Z] Web / API server started at 127.0.0.1:4006
 {"metadata":{"emulator":{"name":"ui"},"message":"Web / API server started at 127.0.0.1:4006\n"}}
[debug] [2024-06-26T21:47:33.364Z] Web / API server started at ::1:4006
 {"metadata":{"emulator":{"name":"ui"},"message":"Web / API server started at ::1:4006\n"}}
[info] i  functions: Watching "C:\Users\User\amazon-clone\functions" for Cloud Functions... {"metadata":{"emulator":{"name":"functions"},"message":"Watching \"C:\\Users\\User\\amazon-clone\\functions\" for Cloud Functions..."}}
[debug] [2024-06-26T21:47:33.544Z] Validating nodejs source
[debug] [2024-06-26T21:47:36.077Z] > [functions] package.json contents: {
  "name": "functions",
  "description": "Cloud Functions for Firebase",
  "scripts": {
    "lint": "eslint .",
    "serve": "firebase emulators:start --only functions",
    "shell": "firebase functions:shell",
    "start": "npm run shell",
    "deploy": "firebase deploy --only functions",
    "logs": "firebase functions:log"
  },
  "engines": {
    "node": "18"
  },
  "main": "index.js",
  "dependencies": {
    "cors": "^2.8.5",
    "express": "^4.19.2",
    "firebase-admin": "^12.1.0",
    "firebase-functions": "^5.0.0",
    "stripe": "^16.0.0"
  },
  "devDependencies": {
    "eslint": "^8.15.0",
    "eslint-config-google": "^0.14.0",
    "firebase-functions-test": "^3.1.0"
  },
  "private": true
}
[debug] [2024-06-26T21:47:36.077Z] Building nodejs source
[debug] [2024-06-26T21:47:36.078Z] Failed to find version of module node: reached end of search path C:\Users\User\amazon-clone\functions\node_modules
[warn] !  functions: Your requested "node" version "18" doesn't match your global version "20". Using node@20 from host. 
[debug] [2024-06-26T21:47:36.084Z] Could not find functions.yaml. Must use http discovery
[debug] [2024-06-26T21:47:36.096Z] Found firebase-functions binary at 'C:\Users\User\amazon-clone\functions\node_modules\.bin\firebase-functions'
[info] Serving at port 8758

[debug] [2024-06-26T21:47:37.320Z] Got response from /__/functions.yaml {"endpoints":{"api":{"platform":"gcfv1","availableMemoryMb":null,"timeoutSeconds":null,"minInstances":null,"maxInstances":null,"ingressSettings":null,"serviceAccountEmail":null,"vpc":null,"httpsTrigger":{},"entryPoint":"api"}},"specVersion":"v1alpha1","requiredAPIs":[]}
[info] +  functions: Loaded functions definitions from source: api. {"metadata":{"emulator":{"name":"functions"},"message":"Loaded functions definitions from source: api."}}
[info] +  functions[us-central1-api]: http function initialized (http://127.0.0.1:5001/zaio--clone-9e7bd/us-central1/api). {"metadata":{"emulator":{"name":"functions"},"message":"\u001b[1mhttp\u001b[22m function initialized (http://127.0.0.1:5001/zaio--clone-9e7bd/us-central1/api)."}}
[info] 
┌─────────────────────────────────────────────────────────────┐
│ ✔  All emulators ready! It is now safe to connect your app. │
│ i  View Emulator UI at http://127.0.0.1:4006/               │
└─────────────────────────────────────────────────────────────┘

┌───────────┬────────────────┬─────────────────────────────────┐
│ Emulator  │ Host:Port      │ View in Emulator UI             │
├───────────┼────────────────┼─────────────────────────────────┤
│ Functions │ 127.0.0.1:5001 │ http://127.0.0.1:4006/functions │
└───────────┴────────────────┴─────────────────────────────────┘
  Emulator Hub running at 127.0.0.1:4400
  Other reserved ports: 4500

Issues? Report them at https://github.com/firebase/firebase-tools/issues and attach the *-debug.log files.
 
[debug] [2024-06-26T21:49:12.622Z] Functions emulator received unknown request at path /
[debug] [2024-06-26T21:49:12.684Z] Functions emulator received unknown request at path /favicon.ico
[debug] [2024-06-26T21:50:04.799Z] [work-queue] {"queuedWork":["/zaio--clone-9e7bd/us-central1/api-2024-06-26T21:50:04.799Z"],"queueLength":1,"runningWork":[],"workRunningCount":0}
[debug] [2024-06-26T21:50:04.800Z] [work-queue] {"queuedWork":[],"queueLength":0,"runningWork":["/zaio--clone-9e7bd/us-central1/api-2024-06-26T21:50:04.799Z"],"workRunningCount":1}
[debug] [2024-06-26T21:50:04.800Z] Accepted request GET /zaio--clone-9e7bd/us-central1/api --> us-central1-api
[debug] [2024-06-26T21:50:04.811Z] [functions] Runtime ready! Sending request! {"metadata":{"emulator":{"name":"functions"},"message":"[functions] Runtime ready! Sending request!"}}
[debug] [2024-06-26T21:50:04.815Z] [functions] Got req.url=/zaio--clone-9e7bd/us-central1/api, mapping to path=/ {"metadata":{"emulator":{"name":"functions"},"message":"[functions] Got req.url=/zaio--clone-9e7bd/us-central1/api, mapping to path=/"}}
[debug] [2024-06-26T21:50:04.838Z] [worker-pool] addWorker(us-central1-api) {"metadata":{"emulator":{"name":"functions"},"message":"[worker-pool] addWorker(us-central1-api)"}}
[debug] [2024-06-26T21:50:04.840Z] [worker-pool] Adding worker with key us-central1-api, total=1 {"metadata":{"emulator":{"name":"functions"},"message":"[worker-pool] Adding worker with key us-central1-api, total=1"}}
[debug] [2024-06-26T21:50:07.282Z] [runtime-status] [19180] Resolved module firebase-admin {"declared":true,"installed":true,"version":"12.2.0","resolution":"C:\\Users\\User\\amazon-clone\\functions\\node_modules\\firebase-admin\\lib\\index.js"} {"metadata":{"emulator":{"name":"functions"},"function":{"name":"us-central1-api"},"extension":{},"message":"[runtime-status] [19180] Resolved module firebase-admin {\"declared\":true,\"installed\":true,\"version\":\"12.2.0\",\"resolution\":\"C:\\\\Users\\\\User\\\\amazon-clone\\\\functions\\\\node_modules\\\\firebase-admin\\\\lib\\\\index.js\"}"}}
[debug] [2024-06-26T21:50:07.284Z] [runtime-status] [19180] Resolved module firebase-functions {"declared":true,"installed":true,"version":"5.0.1","resolution":"C:\\Users\\User\\amazon-clone\\functions\\node_modules\\firebase-functions\\lib\\v1\\index.js"} {"metadata":{"emulator":{"name":"functions"},"function":{"name":"us-central1-api"},"extension":{},"message":"[runtime-status] [19180] Resolved module firebase-functions {\"declared\":true,\"installed\":true,\"version\":\"5.0.1\",\"resolution\":\"C:\\\\Users\\\\User\\\\amazon-clone\\\\functions\\\\node_modules\\\\firebase-functions\\\\lib\\\\v1\\\\index.js\"}"}}
[debug] [2024-06-26T21:50:07.287Z] [runtime-status] [19180] Outgoing network have been stubbed. [{"name":"http","status":"mocked"},{"name":"http","status":"mocked"},{"name":"https","status":"mocked"},{"name":"https","status":"mocked"},{"name":"net","status":"mocked"}] {"metadata":{"emulator":{"name":"functions"},"function":{"name":"us-central1-api"},"extension":{},"message":"[runtime-status] [19180] Outgoing network have been stubbed. [{\"name\":\"http\",\"status\":\"mocked\"},{\"name\":\"http\",\"status\":\"mocked\"},{\"name\":\"https\",\"status\":\"mocked\"},{\"name\":\"https\",\"status\":\"mocked\"},{\"name\":\"net\",\"status\":\"mocked\"}]"}}
[debug] [2024-06-26T21:50:07.288Z] [runtime-status] [19180] Resolved module firebase-functions {"declared":true,"installed":true,"version":"5.0.1","resolution":"C:\\Users\\User\\amazon-clone\\functions\\node_modules\\firebase-functions\\lib\\v1\\index.js"} {"metadata":{"emulator":{"name":"functions"},"function":{"name":"us-central1-api"},"extension":{},"message":"[runtime-status] [19180] Resolved module firebase-functions {\"declared\":true,\"installed\":true,\"version\":\"5.0.1\",\"resolution\":\"C:\\\\Users\\\\User\\\\amazon-clone\\\\functions\\\\node_modules\\\\firebase-functions\\\\lib\\\\v1\\\\index.js\"}"}}
[debug] [2024-06-26T21:50:07.753Z] [runtime-status] [19180] Checked functions.config() {"config":{}} {"metadata":{"emulator":{"name":"functions"},"function":{"name":"us-central1-api"},"extension":{},"message":"[runtime-status] [19180] Checked functions.config() {\"config\":{}}"}}
[debug] [2024-06-26T21:50:07.754Z] [runtime-status] [19180] firebase-functions has been stubbed. {"functionsResolution":{"declared":true,"installed":true,"version":"5.0.1","resolution":"C:\\Users\\User\\amazon-clone\\functions\\node_modules\\firebase-functions\\lib\\v1\\index.js"}} {"metadata":{"emulator":{"name":"functions"},"function":{"name":"us-central1-api"},"extension":{},"message":"[runtime-status] [19180] firebase-functions has been stubbed. {\"functionsResolution\":{\"declared\":true,\"installed\":true,\"version\":\"5.0.1\",\"resolution\":\"C:\\\\Users\\\\User\\\\amazon-clone\\\\functions\\\\node_modules\\\\firebase-functions\\\\lib\\\\v1\\\\index.js\"}}"}}
[debug] [2024-06-26T21:50:07.755Z] [runtime-status] [19180] Resolved module firebase-functions {"declared":true,"installed":true,"version":"5.0.1","resolution":"C:\\Users\\User\\amazon-clone\\functions\\node_modules\\firebase-functions\\lib\\v1\\index.js"} {"metadata":{"emulator":{"name":"functions"},"function":{"name":"us-central1-api"},"extension":{},"message":"[runtime-status] [19180] Resolved module firebase-functions {\"declared\":true,\"installed\":true,\"version\":\"5.0.1\",\"resolution\":\"C:\\\\Users\\\\User\\\\amazon-clone\\\\functions\\\\node_modules\\\\firebase-functions\\\\lib\\\\v1\\\\index.js\"}"}}
[debug] [2024-06-26T21:50:07.759Z] [runtime-status] [19180] Resolved module firebase-admin {"declared":true,"installed":true,"version":"12.2.0","resolution":"C:\\Users\\User\\amazon-clone\\functions\\node_modules\\firebase-admin\\lib\\index.js"} {"metadata":{"emulator":{"name":"functions"},"function":{"name":"us-central1-api"},"extension":{},"message":"[runtime-status] [19180] Resolved module firebase-admin {\"declared\":true,\"installed\":true,\"version\":\"12.2.0\",\"resolution\":\"C:\\\\Users\\\\User\\\\amazon-clone\\\\functions\\\\node_modules\\\\firebase-admin\\\\lib\\\\index.js\"}"}}
[debug] [2024-06-26T21:50:07.785Z] [runtime-status] [19180] Resolved module firebase-functions {"declared":true,"installed":true,"version":"5.0.1","resolution":"C:\\Users\\User\\amazon-clone\\functions\\node_modules\\firebase-functions\\lib\\v1\\index.js"} {"metadata":{"emulator":{"name":"functions"},"function":{"name":"us-central1-api"},"extension":{},"message":"[runtime-status] [19180] Resolved module firebase-functions {\"declared\":true,\"installed\":true,\"version\":\"5.0.1\",\"resolution\":\"C:\\\\Users\\\\User\\\\amazon-clone\\\\functions\\\\node_modules\\\\firebase-functions\\\\lib\\\\v1\\\\index.js\"}"}}
[debug] [2024-06-26T21:50:07.785Z] [runtime-status] [19180] firebase-admin has been stubbed. {"adminResolution":{"declared":true,"installed":true,"version":"12.2.0","resolution":"C:\\Users\\User\\amazon-clone\\functions\\node_modules\\firebase-admin\\lib\\index.js"}} {"metadata":{"emulator":{"name":"functions"},"function":{"name":"us-central1-api"},"extension":{},"message":"[runtime-status] [19180] firebase-admin has been stubbed. {\"adminResolution\":{\"declared\":true,\"installed\":true,\"version\":\"12.2.0\",\"resolution\":\"C:\\\\Users\\\\User\\\\amazon-clone\\\\functions\\\\node_modules\\\\firebase-admin\\\\lib\\\\index.js\"}}"}}
[debug] [2024-06-26T21:50:08.144Z] [runtime-status] [19180] Functions runtime initialized. {"cwd":"C:\\Users\\User\\amazon-clone\\functions","node_version":"20.9.0"} {"metadata":{"emulator":{"name":"functions"},"function":{"name":"us-central1-api"},"extension":{},"message":"[runtime-status] [19180] Functions runtime initialized. {\"cwd\":\"C:\\\\Users\\\\User\\\\amazon-clone\\\\functions\",\"node_version\":\"20.9.0\"}"}}
[debug] [2024-06-26T21:50:08.145Z] [runtime-status] [19180] Listening to port: \\?\pipe\fire_emu_b4a378d65ce020ed {"metadata":{"emulator":{"name":"functions"},"function":{"name":"us-central1-api"},"extension":{},"message":"[runtime-status] [19180] Listening to port: \\\\?\\pipe\\fire_emu_b4a378d65ce020ed"}}
[debug] [2024-06-26T21:50:08.168Z] [worker-us-central1-api-86c2430d-8a8e-4349-a695-16dcf9f6361d]: IDLE {"metadata":{"emulator":{"name":"functions"},"function":{"name":"us-central1-api"},"extension":{},"message":"[worker-us-central1-api-86c2430d-8a8e-4349-a695-16dcf9f6361d]: IDLE"}}
[debug] [2024-06-26T21:50:08.168Z] [worker-pool] submitRequest(triggerId=us-central1-api) {"metadata":{"emulator":{"name":"functions"},"message":"[worker-pool] submitRequest(triggerId=us-central1-api)"}}
[info] i  functions: Beginning execution of "us-central1-api" {"metadata":{"emulator":{"name":"functions"},"function":{"name":"us-central1-api"},"extension":{},"message":"Beginning execution of \"us-central1-api\""}}
[debug] [2024-06-26T21:50:08.170Z] [worker-us-central1-api-86c2430d-8a8e-4349-a695-16dcf9f6361d]: BUSY {"metadata":{"emulator":{"name":"functions"},"function":{"name":"us-central1-api"},"extension":{},"message":"[worker-us-central1-api-86c2430d-8a8e-4349-a695-16dcf9f6361d]: BUSY"}}
[debug] [2024-06-26T21:50:08.186Z] Finishing up request with event=pause {"metadata":{"emulator":{"name":"functions"},"function":{"name":"us-central1-api"},"extension":{},"message":"Finishing up request with event=pause"}}
[info] i  functions: Finished "us-central1-api" in 16.516ms {"metadata":{"emulator":{"name":"functions"},"function":{"name":"us-central1-api"},"extension":{},"message":"Finished \"us-central1-api\" in 16.516ms"}}
[debug] [2024-06-26T21:50:08.188Z] [worker-us-central1-api-86c2430d-8a8e-4349-a695-16dcf9f6361d]: IDLE {"metadata":{"emulator":{"name":"functions"},"function":{"name":"us-central1-api"},"extension":{},"message":"[worker-us-central1-api-86c2430d-8a8e-4349-a695-16dcf9f6361d]: IDLE"}}
[debug] [2024-06-26T21:50:08.188Z] Finishing up request with event=finish {"metadata":{"emulator":{"name":"functions"},"function":{"name":"us-central1-api"},"extension":{},"message":"Finishing up request with event=finish"}}
[debug] [2024-06-26T21:50:08.189Z] Finishing up request with event=close {"metadata":{"emulator":{"name":"functions"},"function":{"name":"us-central1-api"},"extension":{},"message":"Finishing up request with event=close"}}
[debug] [2024-06-26T21:50:08.189Z] [work-queue] {"queuedWork":[],"queueLength":0,"runningWork":[],"workRunningCount":0}
[debug] [2024-06-26T21:50:08.299Z] Functions emulator received unknown request at path /favicon.ico
